#-----------------------------------------------------------
# xsim v2018.3 (64-bit)
# SW Build 2405991 on Thu Dec  6 23:38:27 MST 2018
# IP Build 2404404 on Fri Dec  7 01:43:56 MST 2018
# Start of session at: Wed Feb 27 17:02:52 2019
# Process ID: 11620
# Current directory: C:/Users/Amedeo Cavallo/Desktop/digitallogicdesign/xelab
# Command line: xsim.exe -mode tcl -source {xsim.dir/work.project_tb/xsim_script.tcl}
# Log file: C:/Users/Amedeo Cavallo/Desktop/digitallogicdesign/xelab/xsim.log
# Journal file: C:/Users/Amedeo Cavallo/Desktop/digitallogicdesign/xelab\xsim.jou
#-----------------------------------------------------------
source xsim.dir/work.project_tb/xsim_script.tcl
# xsim {work.project_tb} -autoloadwcfg -runall
Vivado Simulator 2018.3
Time resolution is 1 ps
run -all
Failure: Simulation Ended!, TEST PASSATO
Time: 2250 ns  Iteration: 2  Process: /project_tb/test  File: C:/Users/Amedeo Cavallo/Desktop/digitallogicdesign/xelab/temporary.vhd
$finish called at time : 2250 ns
exit
INFO: [Common 17-206] Exiting xsim at Wed Feb 27 17:02:54 2019...
